<?xml version="1.0" encoding="UTF-8"?>
<beans xmlns="http://www.springframework.org/schema/beans" xmlns:xsi="http://www.w3.org/2001/XMLSchema-instance"
       xmlns:util="http://www.springframework.org/schema/util"
       xmlns:context="http://www.springframework.org/schema/context"
       xsi:schemaLocation="http://www.springframework.org/schema/beans
                            http://www.springframework.org/schema/beans/spring-beans-3.0.xsd http://www.springframework.org/schema/util http://www.springframework.org/schema/util/spring-util-2.0.xsd http://www.springframework.org/schema/context http://www.springframework.org/schema/context/spring-context.xsd">

    <context:component-scan base-package="com.sharepast.its.app00205"/>


    <bean id="testRouterApp00205" class="org.restlet.ext.spring.SpringRouter">
        <property name="defaultAttachment" ref="testShiroCookieAuthenticator"/>

        <property name="attachments">
            <map>

                <!--<entry key="#{logon.loginUri}" value-ref="logon"/>-->

            </map>
        </property>
        <property name="routingMode">
            <util:constant static-field="org.restlet.routing.Router.MODE_BEST_MATCH"/>
        </property>
        <property name="defaultMatchingQuery" value="true"/>
    </bean>

    <bean id="testShiroCookieAuthenticator" class="com.sharepast.security.ShiroAuthenticator">
        <constructor-arg index="0" value="null"/>
        <constructor-arg index="1" value="false"/>
        <constructor-arg index="2" value="sharepast.com"/>
        <property name="verifier" ref="shiroVerifier"/>
        <property name="next" ref="testRouterApp00205Map"/>
        <property name="rechallenging" value="false"/>
        <property name="httpPort" value="${http.port}"/>
        <property name="httpsPort" value="${https.port}"/>
    </bean>

     <bean name="testRouterApp00205Map" class="org.restlet.ext.spring.SpringRouter">
        <property name="routingMode">
            <util:constant static-field="org.restlet.routing.Router.MODE_BEST_MATCH"/>
        </property>
        <property name="attachments">
            <map>

                <entry key="/protectedRedirectResource">
                    <bean class="org.restlet.ext.spring.SpringFinder">
                        <lookup-method name="create" bean="protectedRedirectResource"/>
                    </bean>
                </entry>

            </map>
        </property>
    </bean>

    <bean id="protectedRedirectResource" class="com.sharepast.its.app00205.ProtectedRestResource" scope="prototype"/>

</beans>