<?xml version="1.0" encoding="UTF-8"?>
<beans xmlns="http://www.springframework.org/schema/beans" xmlns:xsi="http://www.w3.org/2001/XMLSchema-instance"
       xmlns:util="http://www.springframework.org/schema/util"
       xmlns:context="http://www.springframework.org/schema/context"
       xsi:schemaLocation="http://www.springframework.org/schema/beans
                            http://www.springframework.org/schema/beans/spring-beans-3.0.xsd http://www.springframework.org/schema/util http://www.springframework.org/schema/util/spring-util-2.0.xsd http://www.springframework.org/schema/context http://www.springframework.org/schema/context/spring-context.xsd">

    <context:component-scan base-package="kp.app.its.app00200"/>

    <bean id="testRouterApp00200" class="kp.app.security.ShiroAuthenticator">
        <constructor-arg index="0" value="null"/>
        <constructor-arg index="1" value="false"/>
        <constructor-arg index="2" value="companion.ly"/>
        <property name="verifier" ref="shiroVerifier"/>
        <property name="next" ref="testRouterApp00200Map"/>
        <property name="rechallenging" value="false"/>
        <property name="httpPort" value="${kp.app.http.port}"/>
        <property name="httpsPort" value="${kp.app.https.port}"/>
    </bean>

    <bean name="testRouterApp00200Map" class="org.restlet.ext.spring.SpringBeanRouter">
        <property name="routingMode">
            <util:constant static-field="org.restlet.routing.Router.MODE_BEST_MATCH"/>
        </property>
    </bean>

</beans>